Using pre-set license
Built from '2020.2/release' branch; Version is '2020.2.4f1 (becced5a802b) revision 12504301'; Using compiler version '192528614'; Build Type 'Release'
OS: 'Windows 10 Home; OS build 22000.675; Version 2009; 64bit' Language: 'es' Physical Memory: 8078 MB
BatchMode: 1, IsHumanControllingUs: 0, StartBugReporterOnCrash: 0, Is64bit: 1, IsPro: 0

 COMMAND LINE ARGUMENTS:
C:\Program Files\Unity\Hub\Editor\2020.2.4f1\Editor\Unity.exe
-adb2
-batchMode
-noUpm
-name
AssetImportWorker0
-projectPath
C:/Users/Júlia Coll/OneDrive/Documentos/Uni/3r/Interactive Sistems/Islands/IslandsGame
-logFile
Logs/AssetImportWorker0.log
-srvPort
56343
Successfully changed project path to: C:/Users/Júlia Coll/OneDrive/Documentos/Uni/3r/Interactive Sistems/Islands/IslandsGame
C:/Users/Júlia Coll/OneDrive/Documentos/Uni/3r/Interactive Sistems/Islands/IslandsGame
Using Asset Import Pipeline V2.
Refreshing native plugins compatible for Editor in 52.86 ms, found 0 plugins.
Preloading 0 native plugins for Editor in 0.00 ms.
Initialize engine version: 2020.2.4f1 (becced5a802b)
[Subsystems] Discovering subsystems at path C:/Program Files/Unity/Hub/Editor/2020.2.4f1/Editor/Data/Resources/UnitySubsystems
[Subsystems] Discovering subsystems at path C:/Users/Júlia Coll/OneDrive/Documentos/Uni/3r/Interactive Sistems/Islands/IslandsGame/Assets
GfxDevice: creating device client; threaded=0
Direct3D:
    Version:  Direct3D 11.0 [level 11.1]
    Renderer: Intel(R) UHD Graphics 620 (ID=0x3ea0)
    Vendor:   
    VRAM:     4039 MB
    Driver:   27.20.100.9664
Initialize mono
Mono path[0] = 'C:/Program Files/Unity/Hub/Editor/2020.2.4f1/Editor/Data/Managed'
Mono path[1] = 'C:/Program Files/Unity/Hub/Editor/2020.2.4f1/Editor/Data/MonoBleedingEdge/lib/mono/unityjit'
Mono config path = 'C:/Program Files/Unity/Hub/Editor/2020.2.4f1/Editor/Data/MonoBleedingEdge/etc'
Using monoOptions --debugger-agent=transport=dt_socket,embedding=1,server=y,suspend=n,address=127.0.0.1:56332
Begin MonoManager ReloadAssembly
Registering precompiled unity dll's ...
Register platform support module: C:/Program Files/Unity/Hub/Editor/2020.2.4f1/Editor/Data/PlaybackEngines/WindowsStandaloneSupport/UnityEditor.WindowsStandalone.Extensions.dll
Registered in 0.003416 seconds.
Native extension for WindowsStandalone target not found
Refreshing native plugins compatible for Editor in 94.66 ms, found 0 plugins.
Preloading 0 native plugins for Editor in 0.00 ms.
Invoked RoslynAnalysisRunner static constructor.
RoslynAnalysisRunner will not be running.
RoslynAnalysisRunner has terminated.
Mono: successfully reloaded assembly
- Completed reload, in  2.967 seconds
Platform modules already initialized, skipping
Registering precompiled user dll's ...
Registered in 0.010204 seconds.
Begin MonoManager ReloadAssembly
Native extension for WindowsStandalone target not found
Refreshing native plugins compatible for Editor in 0.61 ms, found 0 plugins.
Preloading 0 native plugins for Editor in 0.00 ms.
Invoked RoslynAnalysisRunner static constructor.
RoslynAnalysisRunner will not be running.
RoslynAnalysisRunner has terminated.
Mono: successfully reloaded assembly
- Completed reload, in  2.234 seconds
Platform modules already initialized, skipping
========================================================================
Worker process is ready to serve import requests
Launched and connected shader compiler UnityShaderCompiler.exe after 0.11 seconds
Refreshing native plugins compatible for Editor in 0.94 ms, found 0 plugins.
Preloading 0 native plugins for Editor in 0.00 ms.
Unloading 1426 Unused Serialized files (Serialized files now loaded: 0)
System memory in use before: 67.9 MB.
System memory in use after: 68.0 MB.

Unloading 33 unused Assets to reduce memory usage. Loaded Objects now: 1860.
Total: 4.474300 ms (FindLiveObjects: 0.323300 ms CreateObjectMapping: 0.128000 ms MarkObjects: 3.863700 ms  DeleteObjects: 0.157200 ms)

========================================================================
Received Import Request.
  path: Assets/prefabs/Buttons
  artifactKey: Guid(79ffd79c2bc30014ca137cdbfc72b65f) Importer(815301076,1909f56bfc062723c751e8b465ee728b)
Start importing Assets/prefabs/Buttons using Guid(79ffd79c2bc30014ca137cdbfc72b65f) Importer(815301076,1909f56bfc062723c751e8b465ee728b)  -> (artifact id: '42e3d745a48012a939c760f140c57d84') in 0.015340 seconds
  Import took 0.024874 seconds .

========================================================================
Received Import Request.
  Time since last request: 0.001495 seconds.
  path: Assets/prefabs/Buttons/Button.prefab
  artifactKey: Guid(4f6c59dcfffce554d89baeec8f539bdd) Importer(815301076,1909f56bfc062723c751e8b465ee728b)
Start importing Assets/prefabs/Buttons/Button.prefab using Guid(4f6c59dcfffce554d89baeec8f539bdd) Importer(815301076,1909f56bfc062723c751e8b465ee728b)  -> (artifact id: '21758a1124a2ee09f9919b7bf5dc1a4c') in 0.314829 seconds
  Import took 0.323207 seconds .

========================================================================
Received Import Request.
  Time since last request: 219.009558 seconds.
  path: Assets/prefabs/Flags/BlueFlag.prefab
  artifactKey: Guid(2a973c7bb75442746bf21c73ffa8a52f) Importer(815301076,1909f56bfc062723c751e8b465ee728b)
Start importing Assets/prefabs/Flags/BlueFlag.prefab using Guid(2a973c7bb75442746bf21c73ffa8a52f) Importer(815301076,1909f56bfc062723c751e8b465ee728b)  -> (artifact id: 'f07710284744f061fbc860e8fe19c2b8') in 0.044171 seconds
  Import took 0.057586 seconds .

========================================================================
Received Import Request.
  Time since last request: 0.001094 seconds.
  path: Assets/prefabs/Flags
  artifactKey: Guid(cf2329a2542bf8b458c4b5a4c3c5563c) Importer(815301076,1909f56bfc062723c751e8b465ee728b)
Start importing Assets/prefabs/Flags using Guid(cf2329a2542bf8b458c4b5a4c3c5563c) Importer(815301076,1909f56bfc062723c751e8b465ee728b)  -> (artifact id: 'cce27919a34bc1a76b426c8e5c1a0b33') in 0.009579 seconds
  Import took 0.019748 seconds .

========================================================================
Received Import Request.
  Time since last request: 0.001030 seconds.
  path: Assets/prefabs/Flags/GreenFlag.prefab
  artifactKey: Guid(1c1d2b16dbfea34449ca34a5fffc6ebe) Importer(815301076,1909f56bfc062723c751e8b465ee728b)
Start importing Assets/prefabs/Flags/GreenFlag.prefab using Guid(1c1d2b16dbfea34449ca34a5fffc6ebe) Importer(815301076,1909f56bfc062723c751e8b465ee728b)  -> (artifact id: '733518fb8a39030c1cfc15866eeef47e') in 0.038184 seconds
  Import took 0.049105 seconds .

========================================================================
Received Import Request.
  Time since last request: 0.001013 seconds.
  path: Assets/prefabs/Flags/BlueFlag.prefab
  artifactKey: Guid(2a973c7bb75442746bf21c73ffa8a52f) Importer(815301076,1909f56bfc062723c751e8b465ee728b)
Start importing Assets/prefabs/Flags/BlueFlag.prefab using Guid(2a973c7bb75442746bf21c73ffa8a52f) Importer(815301076,1909f56bfc062723c751e8b465ee728b)  -> (artifact id: 'f07710284744f061fbc860e8fe19c2b8') in 0.039857 seconds
  Import took 0.050344 seconds .

========================================================================
Received Import Request.
  Time since last request: 0.001051 seconds.
  path: Assets/prefabs/Flags/RedFlag.prefab
  artifactKey: Guid(fddc726bb8e134e4ea1f7ed281c30f5c) Importer(815301076,1909f56bfc062723c751e8b465ee728b)
Start importing Assets/prefabs/Flags/RedFlag.prefab using Guid(fddc726bb8e134e4ea1f7ed281c30f5c) Importer(815301076,1909f56bfc062723c751e8b465ee728b)  -> (artifact id: '5aed1b6518e72cffefd964a11a73cfb1') in 0.037375 seconds
  Import took 0.048093 seconds .

========================================================================
Received Import Request.
  Time since last request: 0.001049 seconds.
  path: Assets/prefabs/Flags/BlueFlag1.prefab
  artifactKey: Guid(f65807f6bc4496b42b339b9682fcb8e4) Importer(815301076,1909f56bfc062723c751e8b465ee728b)
Start importing Assets/prefabs/Flags/BlueFlag1.prefab using Guid(f65807f6bc4496b42b339b9682fcb8e4) Importer(815301076,1909f56bfc062723c751e8b465ee728b)  -> (artifact id: '475d168ab5b0948c97e17968b8220e52') in 0.040782 seconds
  Import took 0.051498 seconds .

========================================================================
Received Prepare
Registering precompiled user dll's ...
Registered in 0.013692 seconds.
Begin MonoManager ReloadAssembly
Native extension for WindowsStandalone target not found
Refreshing native plugins compatible for Editor in 1.62 ms, found 0 plugins.
Preloading 0 native plugins for Editor in 0.00 ms.
Invoked RoslynAnalysisRunner static constructor.
RoslynAnalysisRunner will not be running.
RoslynAnalysisRunner has terminated.
Mono: successfully reloaded assembly
- Completed reload, in  2.497 seconds
Platform modules already initialized, skipping
Refreshing native plugins compatible for Editor in 1.55 ms, found 0 plugins.
Preloading 0 native plugins for Editor in 0.00 ms.
Unloading 1407 Unused Serialized files (Serialized files now loaded: 0)
System memory in use before: 70.0 MB.
System memory in use after: 70.1 MB.

Unloading 25 unused Assets to reduce memory usage. Loaded Objects now: 1872.
Total: 7.097000 ms (FindLiveObjects: 0.507100 ms CreateObjectMapping: 0.181100 ms MarkObjects: 6.290900 ms  DeleteObjects: 0.112100 ms)

========================================================================
Received Prepare
Registering precompiled user dll's ...
Registered in 0.014582 seconds.
Begin MonoManager ReloadAssembly
Native extension for WindowsStandalone target not found
Refreshing native plugins compatible for Editor in 1.02 ms, found 0 plugins.
Preloading 0 native plugins for Editor in 0.00 ms.
Invoked RoslynAnalysisRunner static constructor.
RoslynAnalysisRunner will not be running.
RoslynAnalysisRunner has terminated.
Mono: successfully reloaded assembly
- Completed reload, in  2.215 seconds
Platform modules already initialized, skipping
Refreshing native plugins compatible for Editor in 1.09 ms, found 0 plugins.
Preloading 0 native plugins for Editor in 0.00 ms.
Unloading 1407 Unused Serialized files (Serialized files now loaded: 0)
System memory in use before: 70.0 MB.
System memory in use after: 70.1 MB.

Unloading 24 unused Assets to reduce memory usage. Loaded Objects now: 1874.
Total: 2.710000 ms (FindLiveObjects: 0.227600 ms CreateObjectMapping: 0.061300 ms MarkObjects: 2.385000 ms  DeleteObjects: 0.032800 ms)

AssetImportWorkerClient::OnTransportError - code=2 error=End of file
