Using pre-set license
Built from '2020.2/release' branch; Version is '2020.2.4f1 (becced5a802b) revision 12504301'; Using compiler version '192528614'; Build Type 'Release'
OS: 'Windows 10 Home; OS build 22000.675; Version 2009; 64bit' Language: 'es' Physical Memory: 8078 MB
BatchMode: 1, IsHumanControllingUs: 0, StartBugReporterOnCrash: 0, Is64bit: 1, IsPro: 0

 COMMAND LINE ARGUMENTS:
C:\Program Files\Unity\Hub\Editor\2020.2.4f1\Editor\Unity.exe
-adb2
-batchMode
-noUpm
-name
AssetImportWorker0
-projectPath
C:/Users/Júlia Coll/OneDrive/Documentos/Uni/3r/Interactive Sistems/Islands/IslandsGame
-logFile
Logs/AssetImportWorker0.log
-srvPort
59894
Successfully changed project path to: C:/Users/Júlia Coll/OneDrive/Documentos/Uni/3r/Interactive Sistems/Islands/IslandsGame
C:/Users/Júlia Coll/OneDrive/Documentos/Uni/3r/Interactive Sistems/Islands/IslandsGame
Using Asset Import Pipeline V2.
Refreshing native plugins compatible for Editor in 40.95 ms, found 0 plugins.
Preloading 0 native plugins for Editor in 0.00 ms.
Initialize engine version: 2020.2.4f1 (becced5a802b)
[Subsystems] Discovering subsystems at path C:/Program Files/Unity/Hub/Editor/2020.2.4f1/Editor/Data/Resources/UnitySubsystems
[Subsystems] Discovering subsystems at path C:/Users/Júlia Coll/OneDrive/Documentos/Uni/3r/Interactive Sistems/Islands/IslandsGame/Assets
GfxDevice: creating device client; threaded=0
Direct3D:
    Version:  Direct3D 11.0 [level 11.1]
    Renderer: Intel(R) UHD Graphics 620 (ID=0x3ea0)
    Vendor:   
    VRAM:     4039 MB
    Driver:   27.20.100.9664
Initialize mono
Mono path[0] = 'C:/Program Files/Unity/Hub/Editor/2020.2.4f1/Editor/Data/Managed'
Mono path[1] = 'C:/Program Files/Unity/Hub/Editor/2020.2.4f1/Editor/Data/MonoBleedingEdge/lib/mono/unityjit'
Mono config path = 'C:/Program Files/Unity/Hub/Editor/2020.2.4f1/Editor/Data/MonoBleedingEdge/etc'
Using monoOptions --debugger-agent=transport=dt_socket,embedding=1,server=y,suspend=n,address=127.0.0.1:56444
Begin MonoManager ReloadAssembly
Registering precompiled unity dll's ...
Register platform support module: C:/Program Files/Unity/Hub/Editor/2020.2.4f1/Editor/Data/PlaybackEngines/WindowsStandaloneSupport/UnityEditor.WindowsStandalone.Extensions.dll
Registered in 0.001294 seconds.
Native extension for WindowsStandalone target not found
Refreshing native plugins compatible for Editor in 36.24 ms, found 0 plugins.
Preloading 0 native plugins for Editor in 0.00 ms.
Invoked RoslynAnalysisRunner static constructor.
RoslynAnalysisRunner will not be running.
RoslynAnalysisRunner has terminated.
Mono: successfully reloaded assembly
- Completed reload, in  1.126 seconds
Platform modules already initialized, skipping
Registering precompiled user dll's ...
Registered in 0.002057 seconds.
Begin MonoManager ReloadAssembly
Native extension for WindowsStandalone target not found
Refreshing native plugins compatible for Editor in 0.40 ms, found 0 plugins.
Preloading 0 native plugins for Editor in 0.00 ms.
Invoked RoslynAnalysisRunner static constructor.
RoslynAnalysisRunner will not be running.
RoslynAnalysisRunner has terminated.
Mono: successfully reloaded assembly
- Completed reload, in  0.837 seconds
Platform modules already initialized, skipping
========================================================================
Worker process is ready to serve import requests
Launched and connected shader compiler UnityShaderCompiler.exe after 0.05 seconds
Refreshing native plugins compatible for Editor in 0.36 ms, found 0 plugins.
Preloading 0 native plugins for Editor in 0.00 ms.
Unloading 1426 Unused Serialized files (Serialized files now loaded: 0)
System memory in use before: 67.9 MB.
System memory in use after: 68.0 MB.

Unloading 33 unused Assets to reduce memory usage. Loaded Objects now: 1860.
Total: 2.387700 ms (FindLiveObjects: 0.346100 ms CreateObjectMapping: 0.081800 ms MarkObjects: 1.871600 ms  DeleteObjects: 0.086900 ms)

========================================================================
Received Import Request.
  path: Assets/Scenes/Level 2.unity
  artifactKey: Guid(fde8b6e549ae21646b80e5bb862d784f) Importer(815301076,1909f56bfc062723c751e8b465ee728b)
Start importing Assets/Scenes/Level 2.unity using Guid(fde8b6e549ae21646b80e5bb862d784f) Importer(815301076,1909f56bfc062723c751e8b465ee728b)  -> (artifact id: 'a703b900a16028fa48553e308fe4f8cb') in 0.011148 seconds
  Import took 0.014136 seconds .

========================================================================
Received Import Request.
  Time since last request: 43.915240 seconds.
  path: Assets/Scenes/Level 1.unity
  artifactKey: Guid(0bf9f9847e244d04fbde3faa3726a0ae) Importer(815301076,1909f56bfc062723c751e8b465ee728b)
Start importing Assets/Scenes/Level 1.unity using Guid(0bf9f9847e244d04fbde3faa3726a0ae) Importer(815301076,1909f56bfc062723c751e8b465ee728b)  -> (artifact id: 'acd62f21ff4a5ca2a3c2eb2041b30476') in 0.002873 seconds
  Import took 0.008182 seconds .

========================================================================
Received Prepare
Registering precompiled user dll's ...
Registered in 0.002274 seconds.
Begin MonoManager ReloadAssembly
Native extension for WindowsStandalone target not found
Refreshing native plugins compatible for Editor in 0.43 ms, found 0 plugins.
Preloading 0 native plugins for Editor in 0.00 ms.
Invoked RoslynAnalysisRunner static constructor.
RoslynAnalysisRunner will not be running.
RoslynAnalysisRunner has terminated.
Mono: successfully reloaded assembly
- Completed reload, in  0.776 seconds
Platform modules already initialized, skipping
Refreshing native plugins compatible for Editor in 0.69 ms, found 0 plugins.
Preloading 0 native plugins for Editor in 0.00 ms.
Unloading 1407 Unused Serialized files (Serialized files now loaded: 0)
System memory in use before: 66.8 MB.
System memory in use after: 66.9 MB.

Unloading 24 unused Assets to reduce memory usage. Loaded Objects now: 1862.
Total: 2.909900 ms (FindLiveObjects: 0.234400 ms CreateObjectMapping: 0.090300 ms MarkObjects: 2.543800 ms  DeleteObjects: 0.039700 ms)

========================================================================
Received Import Request.
  Time since last request: 199.508237 seconds.
  path: Assets/Scenes/Level 2.unity
  artifactKey: Guid(fde8b6e549ae21646b80e5bb862d784f) Importer(815301076,1909f56bfc062723c751e8b465ee728b)
Start importing Assets/Scenes/Level 2.unity using Guid(fde8b6e549ae21646b80e5bb862d784f) Importer(815301076,1909f56bfc062723c751e8b465ee728b)  -> (artifact id: 'c02dc1c778d09288a4bf688c5406f8f8') in 0.013093 seconds
  Import took 0.018136 seconds .

========================================================================
Received Import Request.
  Time since last request: 7.940812 seconds.
  path: Assets/Scenes/Level 3.unity
  artifactKey: Guid(a8012a8336ff04d488e37aaf4be23398) Importer(815301076,1909f56bfc062723c751e8b465ee728b)
Start importing Assets/Scenes/Level 3.unity using Guid(a8012a8336ff04d488e37aaf4be23398) Importer(815301076,1909f56bfc062723c751e8b465ee728b)  -> (artifact id: '249422151274a02890b90ad8e51ee1cd') in 0.003844 seconds
  Import took 0.007103 seconds .

========================================================================
Received Import Request.
  Time since last request: 0.000610 seconds.
  path: Assets/Scenes/Level 3.unity
  artifactKey: Guid(a8012a8336ff04d488e37aaf4be23398) Importer(815301076,1909f56bfc062723c751e8b465ee728b)
Start importing Assets/Scenes/Level 3.unity using Guid(a8012a8336ff04d488e37aaf4be23398) Importer(815301076,1909f56bfc062723c751e8b465ee728b)  -> (artifact id: '249422151274a02890b90ad8e51ee1cd') in 0.002479 seconds
  Import took 0.008049 seconds .

========================================================================
Received Import Request.
  Time since last request: 6.538434 seconds.
  path: Assets/Scenes/Level 4.unity
  artifactKey: Guid(5fa2ecc33af1943479c2e041f93a7e65) Importer(815301076,1909f56bfc062723c751e8b465ee728b)
Start importing Assets/Scenes/Level 4.unity using Guid(5fa2ecc33af1943479c2e041f93a7e65) Importer(815301076,1909f56bfc062723c751e8b465ee728b)  -> (artifact id: '58c500b8c50b1ec07927afb79ad7aa33') in 0.005083 seconds
  Import took 0.009334 seconds .

========================================================================
Received Import Request.
  Time since last request: 10.307708 seconds.
  path: Assets/Scenes/Level 3.unity
  artifactKey: Guid(a8012a8336ff04d488e37aaf4be23398) Importer(815301076,1909f56bfc062723c751e8b465ee728b)
Start importing Assets/Scenes/Level 3.unity using Guid(a8012a8336ff04d488e37aaf4be23398) Importer(815301076,1909f56bfc062723c751e8b465ee728b)  -> (artifact id: '0fc0f39090d6851638aacd3bcc014a20') in 0.003237 seconds
  Import took 0.006160 seconds .

========================================================================
Received Import Request.
  Time since last request: 0.000740 seconds.
  path: Assets/Scenes/Level 3.unity
  artifactKey: Guid(a8012a8336ff04d488e37aaf4be23398) Importer(815301076,1909f56bfc062723c751e8b465ee728b)
Start importing Assets/Scenes/Level 3.unity using Guid(a8012a8336ff04d488e37aaf4be23398) Importer(815301076,1909f56bfc062723c751e8b465ee728b)  -> (artifact id: '0fc0f39090d6851638aacd3bcc014a20') in 0.002385 seconds
  Import took 0.005595 seconds .

========================================================================
Received Import Request.
  Time since last request: 3.544042 seconds.
  path: Assets/Scenes/Level 2.unity
  artifactKey: Guid(fde8b6e549ae21646b80e5bb862d784f) Importer(815301076,1909f56bfc062723c751e8b465ee728b)
Start importing Assets/Scenes/Level 2.unity using Guid(fde8b6e549ae21646b80e5bb862d784f) Importer(815301076,1909f56bfc062723c751e8b465ee728b)  -> (artifact id: '38dc86fb1f569170b655b9b4ed132566') in 0.003458 seconds
  Import took 0.009357 seconds .

========================================================================
Received Import Request.
  Time since last request: 0.001432 seconds.
  path: Assets/Scenes/Level 2.unity
  artifactKey: Guid(fde8b6e549ae21646b80e5bb862d784f) Importer(815301076,1909f56bfc062723c751e8b465ee728b)
Start importing Assets/Scenes/Level 2.unity using Guid(fde8b6e549ae21646b80e5bb862d784f) Importer(815301076,1909f56bfc062723c751e8b465ee728b)  -> (artifact id: '38dc86fb1f569170b655b9b4ed132566') in 0.002606 seconds
  Import took 0.005769 seconds .

========================================================================
Received Import Request.
  Time since last request: 4.286943 seconds.
  path: Assets/Scenes/Level 1.unity
  artifactKey: Guid(0bf9f9847e244d04fbde3faa3726a0ae) Importer(815301076,1909f56bfc062723c751e8b465ee728b)
Start importing Assets/Scenes/Level 1.unity using Guid(0bf9f9847e244d04fbde3faa3726a0ae) Importer(815301076,1909f56bfc062723c751e8b465ee728b)  -> (artifact id: 'b997e07816a0b0ff4582d304c21f6c9e') in 0.002706 seconds
  Import took 0.007837 seconds .

========================================================================
Received Prepare
Refreshing native plugins compatible for Editor in 6.01 ms, found 0 plugins.
Preloading 0 native plugins for Editor in 0.00 ms.
Unloading 22 Unused Serialized files (Serialized files now loaded: 0)
System memory in use before: 39.0 MB.
System memory in use after: 39.1 MB.

Unloading 22 unused Assets to reduce memory usage. Loaded Objects now: 1862.
Total: 3.923300 ms (FindLiveObjects: 0.494200 ms CreateObjectMapping: 0.191300 ms MarkObjects: 3.216100 ms  DeleteObjects: 0.020100 ms)

AssetImportWorkerClient::OnTransportError - code=2 error=End of file
